<?xml version="1.0" encoding="UTF-8"?>
<!-- Generated by org.testng.reporters.JUnitXMLReporter -->
<testsuite ignored="0" hostname="BDC6-L-FCY7FL3" failures="0" tests="3" name="Test4" time="6.592" errors="0" timestamp="2022-06-25T12:00:48 IST">
  <testcase classname="common.BaseTest" name="@AfterTest teardown" time="0.492">
    <failure type="java.lang.AssertionError" message="The following asserts failed:
	expected [true] but found [false]">
      <![CDATA[java.lang.AssertionError: The following asserts failed:
expected [true] but found [false]
at common.BaseTest.teardown(BaseTest.java:98)
... Removed 26 stack frames]]>
    </failure>
  </testcase> <!-- @AfterTest teardown -->
  <testcase classname="navigatetosite.login" name="login_applicatinon" time="0.426"/>
  <testcase classname="navigatetosite.login" name="screenshot_form_page" time="0.748"/>
  <testcase classname="navigatetosite.login" name="book_this_room" time="0.145"/>
</testsuite> <!-- Test4 -->
