<?xml version="1.0" encoding="UTF-8"?>
<!-- Generated by org.testng.reporters.JUnitReportReporter -->
<testsuite hostname="BDC6-L-FCY7FL3" failures="0" tests="5" name="Errorhandling.Emailerrorshandling" time="13.453" errors="1" timestamp="2022-06-27T14:26:53 IST" skipped="0">
  <testcase classname="Errorhandling.Emailerrorshandling" name="generateExtentReport" time="0.390">
    <error message="Failed to open file:/C:/Users/nandish.h.r/eclipse-workspace1/Restful_Booker_Platform/AllTests.HTML. Error message: The system cannot find the file specified.
" type="java.io.IOException">
      <![CDATA[java.io.IOException: Failed to open file:/C:/Users/nandish.h.r/eclipse-workspace1/Restful_Booker_Platform/AllTests.HTML. Error message: The system cannot find the file specified.

at java.desktop/sun.awt.windows.WDesktopPeer.ShellExecute(WDesktopPeer.java:115)
at java.desktop/sun.awt.windows.WDesktopPeer.browse(WDesktopPeer.java:101)
at java.desktop/java.awt.Desktop.browse(Desktop.java:533)
at common.BaseTest.generateExtentReport(BaseTest.java:129)
at java.base/jdk.internal.reflect.NativeMethodAccessorImpl.invoke0(Native Method)
at java.base/jdk.internal.reflect.NativeMethodAccessorImpl.invoke(NativeMethodAccessorImpl.java:77)
at java.base/jdk.internal.reflect.DelegatingMethodAccessorImpl.invoke(DelegatingMethodAccessorImpl.java:43)
at java.base/java.lang.reflect.Method.invoke(Method.java:568)
at org.testng.internal.invokers.MethodInvocationHelper.invokeMethod(MethodInvocationHelper.java:135)
at org.testng.internal.invokers.MethodInvocationHelper.invokeMethodConsideringTimeout(MethodInvocationHelper.java:65)
at org.testng.internal.invokers.ConfigInvoker.invokeConfigurationMethod(ConfigInvoker.java:381)
at org.testng.internal.invokers.ConfigInvoker.invokeConfigurations(ConfigInvoker.java:319)
at org.testng.SuiteRunner.privateRun(SuiteRunner.java:396)
at org.testng.SuiteRunner.run(SuiteRunner.java:326)
at org.testng.SuiteRunnerWorker.runSuite(SuiteRunnerWorker.java:52)
at org.testng.SuiteRunnerWorker.run(SuiteRunnerWorker.java:95)
at org.testng.TestNG.runSuitesSequentially(TestNG.java:1249)
at org.testng.TestNG.runSuitesLocally(TestNG.java:1169)
at org.testng.TestNG.runSuites(TestNG.java:1092)
at org.testng.TestNG.run(TestNG.java:1060)
at org.testng.remote.AbstractRemoteTestNG.run(AbstractRemoteTestNG.java:115)
at org.testng.remote.RemoteTestNG.initAndRun(RemoteTestNG.java:251)
at org.testng.remote.RemoteTestNG.main(RemoteTestNG.java:77)
]]>
    </error>
  </testcase> <!-- generateExtentReport -->
  <system-out/>
  <testcase classname="Errorhandling.Emailerrorshandling" name="ScrollingIntoFormPage" time="0.402"/>
  <system-out/>
  <testcase classname="Errorhandling.Emailerrorshandling" name="InputFiledsErrors" time="1.731"/>
  <system-out/>
  <testcase classname="Errorhandling.Emailerrorshandling" name="EmailFilederror1" time="0.762"/>
  <system-out/>
  <testcase classname="Errorhandling.Emailerrorshandling" name="EmailFilederror2" time="10.168"/>
  <system-out/>
</testsuite> <!-- Errorhandling.Emailerrorshandling -->
